<?xml version="1.0" encoding="UTF-8"?>
<!-- Generated by org.testng.reporters.JUnitReportReporter -->
<testsuite hostname="DESKTOP-HE68M17" failures="0" tests="3" name="com.testing.DemoTest2" time="0.035" errors="0" timestamp="18 Jul 2022 17:38:13 GMT">
  <testcase classname="com.testing.DemoTest2" name="createDemo13Test" time="0.005"/>
  <testcase classname="com.testing.DemoTest2" name="createDemo12Test" time="0.007"/>
  <testcase classname="com.testing.DemoTest2" name="createDemo11Test" time="0.023"/>
</testsuite> <!-- com.testing.DemoTest2 -->
