<?xml version="1.0" encoding="UTF-8"?>
<!-- Generated by org.testng.reporters.JUnitReportReporter -->
<testsuite hostname="DESKTOP-HE68M17" failures="0" tests="6" name="com.testing.Demo" time="0.046" errors="0" timestamp="18 Jul 2022 10:42:44 GMT">
  <testcase classname="com.testing.Demo" name="createDemo1Test" time="0.017"/>
  <testcase classname="com.testing.Demo" name="createDemo3Test" time="0.006"/>
  <testcase classname="com.testing.Demo" name="createDemo6Test" time="0.002"/>
  <testcase classname="com.testing.Demo" name="createDemo7Test" time="0.009"/>
  <testcase classname="com.testing.Demo" name="createDemo5Test" time="0.003"/>
  <testcase classname="com.testing.Demo" name="createDemo2Test" time="0.009"/>
</testsuite> <!-- com.testing.Demo -->
