<?xml version="1.0" encoding="UTF-8"?>
<!-- Generated by org.testng.reporters.JUnitReportReporter -->
<testsuite hostname="DESKTOP-HE68M17" failures="0" tests="3" name="com.testing.DemoTest1" time="0.007" errors="0" timestamp="18 Jul 2022 17:38:13 GMT">
  <testcase classname="com.testing.DemoTest1" name="createDemo8Test" time="0.002"/>
  <testcase classname="com.testing.DemoTest1" name="createDemo9Test" time="0.002"/>
  <testcase classname="com.testing.DemoTest1" name="createDemo10Test" time="0.003"/>
</testsuite> <!-- com.testing.DemoTest1 -->
